#
# There is insufficient memory for the Java Runtime Environment to continue.
# Native memory allocation (malloc) failed to allocate 1048576 bytes for AllocateHeap
# Possible reasons:
#   The system is out of physical RAM or swap space
#   The process is running with CompressedOops enabled, and the Java Heap may be blocking the growth of the native heap
# Possible solutions:
#   Reduce memory load on the system
#   Increase physical memory or swap space
#   Check if swap backing store is full
#   Decrease Java heap size (-Xmx/-Xms)
#   Decrease number of Java threads
#   Decrease Java thread stack sizes (-Xss)
#   Set larger code cache with -XX:ReservedCodeCacheSize=
#   JVM is running with Unscaled Compressed Oops mode in which the Java heap is
#     placed in the first 4GB address space. The Java Heap base address is the
#     maximum limit for the native heap growth. Please use -XX:HeapBaseMinAddress
#     to set the Java Heap base and to place the Java Heap above 4GB virtual address.
# This output file may be truncated or incomplete.
#
#  Out of Memory Error (memory/allocation.inline.hpp:61), pid=13172, tid=0x0000000000005b4c
#
# JRE version:  (8.0_301-b09) (build )
# Java VM: Java HotSpot(TM) 64-Bit Server VM (25.301-b09 mixed mode windows-amd64 compressed oops)
# Failed to write core dump. Minidumps are not enabled by default on client versions of Windows
#

---------------  T H R E A D  ---------------

Current thread (0x000001bfec7b0800):  JavaThread "Unknown thread" [_thread_in_vm, id=23372, stack(0x00000053f3800000,0x00000053f3900000)]

Stack: [0x00000053f3800000,0x00000053f3900000]
Native frames: (J=compiled Java code, j=interpreted, Vv=VM code, C=native code)
V  [jvm.dll+0x32ed79]
V  [jvm.dll+0x275722]
V  [jvm.dll+0x2763cd]
V  [jvm.dll+0x26ce05]
V  [jvm.dll+0x509d]
V  [jvm.dll+0x3d3423]
V  [jvm.dll+0x3d3e38]
V  [jvm.dll+0xfcdcf]
V  [jvm.dll+0x20a0bb]
V  [jvm.dll+0x238ae7]
V  [jvm.dll+0x162876]
C  [javaw.exe+0x2322]
C  [javaw.exe+0x16544]
C  [KERNEL32.DLL+0x17034]
C  [ntdll.dll+0x52651]


---------------  P R O C E S S  ---------------

Java Threads: ( => current thread )

Other Threads:

=>0x000001bfec7b0800 (exited) JavaThread "Unknown thread" [_thread_in_vm, id=23372, stack(0x00000053f3800000,0x00000053f3900000)]

VM state:not at safepoint (normal execution)

VM Mutex/Monitor currently owned by a thread: None

heap address: 0x0000000090800000, size: 1784 MB, Compressed Oops mode: 32-bit
Narrow klass base: 0x0000000000000000, Narrow klass shift: 3
Compressed class space size: 1073741824 Address: 0x0000000100000000

Heap:
 PSYoungGen      total 33280K, used 573K [0x00000000dad80000, 0x00000000dd280000, 0x0000000100000000)
  eden space 28672K, 2% used [0x00000000dad80000,0x00000000dae0f5d0,0x00000000dc980000)
  from space 4608K, 0% used [0x00000000dce00000,0x00000000dce00000,0x00000000dd280000)
  to   space 4608K, 0% used [0x00000000dc980000,0x00000000dc980000,0x00000000dce00000)
 ParOldGen       total 76800K, used 0K [0x0000000090800000, 0x0000000095300000, 0x00000000dad80000)
  object space 76800K, 0% used [0x0000000090800000,0x0000000090800000,0x0000000095300000)
 Metaspace       used 753K, capacity 4480K, committed 4480K, reserved 1056768K
  class space    used 76K, capacity 384K, committed 384K, reserved 1048576K

Card table byte_map: [0x000001bffd500000,0x000001bffd880000] byte_map_base: 0x000001bffd07c000

Marking Bits: (ParMarkBitMap*) 0x0000000069d77fe0
 Begin Bits: [0x000001bf80000000, 0x000001bf81be0000)
 End Bits:   [0x000001bf81be0000, 0x000001bf837c0000)

Polling page: 0x000001bfec730000

CodeCache: size=245760Kb used=327Kb max_used=327Kb free=245432Kb
 bounds [0x000001bfee140000, 0x000001bfee3b0000, 0x000001bffd140000]
 total_blobs=57 nmethods=0 adapters=38
 compilation: enabled

Compilation events (0 events):
No events

GC Heap History (0 events):
No events

Deoptimization events (0 events):
No events

Classes redefined (0 events):
No events

Internal exceptions (0 events):
No events

Events (10 events):
Event: 0.059 loading class java/lang/Short
Event: 0.059 loading class java/lang/Short done
Event: 0.059 loading class java/lang/Integer
Event: 0.059 loading class java/lang/Integer done
Event: 0.059 loading class java/lang/Long
Event: 0.059 loading class java/lang/Long done
Event: 0.063 loading class java/lang/NullPointerException
Event: 0.063 loading class java/lang/NullPointerException done
Event: 0.063 loading class java/lang/ArithmeticException
Event: 0.063 loading class java/lang/ArithmeticException done


Dynamic libraries:
0x00007ff7e9130000 - 0x00007ff7e9177000 	C:\Program Files\Java\jre1.8.0_301\bin\javaw.exe
0x00007ffcd01d0000 - 0x00007ffcd03c5000 	C:\WINDOWS\SYSTEM32\ntdll.dll
0x00007ffccf970000 - 0x00007ffccfa2e000 	C:\WINDOWS\System32\KERNEL32.DLL
0x00007ffccdad0000 - 0x00007ffccdd99000 	C:\WINDOWS\System32\KERNELBASE.dll
0x00007ffccec40000 - 0x00007ffccecec000 	C:\WINDOWS\System32\ADVAPI32.dll
0x00007ffccee10000 - 0x00007ffcceeae000 	C:\WINDOWS\System32\msvcrt.dll
0x00007ffcce4c0000 - 0x00007ffcce55b000 	C:\WINDOWS\System32\sechost.dll
0x00007ffccff90000 - 0x00007ffcd00ba000 	C:\WINDOWS\System32\RPCRT4.dll
0x00007ffcce220000 - 0x00007ffcce3c1000 	C:\WINDOWS\System32\USER32.dll
0x00007ffcce000000 - 0x00007ffcce022000 	C:\WINDOWS\System32\win32u.dll
0x00007ffccef10000 - 0x00007ffccef3b000 	C:\WINDOWS\System32\GDI32.dll
0x00007ffcce030000 - 0x00007ffcce13b000 	C:\WINDOWS\System32\gdi32full.dll
0x00007ffccdda0000 - 0x00007ffccde3d000 	C:\WINDOWS\System32\msvcp_win.dll
0x00007ffccd8f0000 - 0x00007ffccd9f0000 	C:\WINDOWS\System32\ucrtbase.dll
0x00007ffcc0600000 - 0x00007ffcc089a000 	C:\WINDOWS\WinSxS\amd64_microsoft.windows.common-controls_6595b64144ccf1df_6.0.19041.1110_none_60b5254171f9507e\COMCTL32.dll
0x00007ffcce3d0000 - 0x00007ffcce400000 	C:\WINDOWS\System32\IMM32.DLL
0x00007ffcc8120000 - 0x00007ffcc8135000 	C:\Program Files\Java\jre1.8.0_301\bin\vcruntime140.dll
0x00007ffcb8bc0000 - 0x00007ffcb8c5b000 	C:\Program Files\Java\jre1.8.0_301\bin\msvcp140.dll
0x0000000069590000 - 0x0000000069df0000 	C:\Program Files\Java\jre1.8.0_301\bin\server\jvm.dll
0x00007ffcce8f0000 - 0x00007ffcce8f8000 	C:\WINDOWS\System32\PSAPI.DLL
0x00007ffcc8ea0000 - 0x00007ffcc8ea9000 	C:\WINDOWS\SYSTEM32\WSOCK32.dll
0x00007ffcc54b0000 - 0x00007ffcc54d7000 	C:\WINDOWS\SYSTEM32\WINMM.dll
0x00007ffcceda0000 - 0x00007ffccee0b000 	C:\WINDOWS\System32\WS2_32.dll
0x00007ffcc54e0000 - 0x00007ffcc54ea000 	C:\WINDOWS\SYSTEM32\VERSION.dll
0x00007ffccb9d0000 - 0x00007ffccb9e2000 	C:\WINDOWS\SYSTEM32\kernel.appcore.dll
0x00007ffcc8110000 - 0x00007ffcc8120000 	C:\Program Files\Java\jre1.8.0_301\bin\verify.dll
0x00007ffcc63f0000 - 0x00007ffcc641b000 	C:\Program Files\Java\jre1.8.0_301\bin\java.dll
0x00007ffcc6500000 - 0x00007ffcc6518000 	C:\Program Files\Java\jre1.8.0_301\bin\zip.dll
0x00007ffccb670000 - 0x00007ffccb854000 	C:\WINDOWS\SYSTEM32\dbghelp.dll
0x00007ffcce140000 - 0x00007ffcce1c3000 	C:\WINDOWS\System32\bcryptPrimitives.dll

VM Arguments:
jvm_args: -Dfan.home=C:\Users\lopez\AppData\Local\fantom-1.0.76 -Dfile.encoding=UTF-8 
java_command: fanx.tools.Fan hello::Main
java_class_path (initial): C:\Users\lopez\AppData\Local\fantom-1.0.76\lib\java\sys.jar;C:\Users\lopez\AppData\Local\fantom-1.0.76\lib\java\ext\win32-x86_64\swt.jar
Launcher Type: SUN_STANDARD

Environment Variables:
PATH=C:/Program Files/Java/jre1.8.0_301/bin/server;C:/Program Files/Java/jre1.8.0_301/bin;C:/Program Files/Java/jre1.8.0_301/lib/amd64;C:\Program Files (x86)\Common Files\Oracle\Java\javapath;C:\WINDOWS\system32;C:\WINDOWS;C:\WINDOWS\System32\Wbem;C:\WINDOWS\System32\WindowsPowerShell\v1.0\;C:\Program Files\nodejs\;C:\WINDOWS\System32\OpenSSH\;C:\Users\lopez\AppData\Local\Programs\Python\Python37;C:\Users\lopez\AppData\Local\Programs\Python\Python37\Scripts;C:\Program Files\Microsoft VS Code\bin;C:\Users\lopez\AppData\Local\Programs\Python\Python37\Lib\sqlite3;C:\Users\lopez\AppData\Local\Programs\Python\Python37\Lib\site-packages;C:\Users\lopez\AppData\Local\Programs\Python\Python37\sqlite3;C:\Hugo\bin;C:\Users\lopez\AppData\Roaming\npm;C:\Program Files (x86)\HP\Common\HPDestPlgIn\;C:\Program Files\Git\cmd;C:\Program Files (x86)\Java\jre1.8.0_301\bin;C:\Users\lopez\AppData\Roaming\npm;C:\Users\lopez\AppData\Local\Microsoft\WindowsApps;C:\Program Files (x86)\HP\Common\HPDestPlgIn\;C:\Users\lopez\AppData\Local\fantom-1.0.76\bin;C:\Users\lopez\AppData\Local\fantom-1.0.76\bin\fanlaunch.bat;%JAVA_HOME%\bin;;C:\Users\lopez\Downloads\f4;
USERNAME=lopez
OS=Windows_NT
PROCESSOR_IDENTIFIER=AMD64 Family 22 Model 48 Stepping 1, AuthenticAMD



---------------  S Y S T E M  ---------------

OS: Windows 10.0 , 64 bit Build 19041 (10.0.19041.1202)

CPU:total 4 (initial active 4) (4 cores per cpu, 1 threads per core) family 22 model 48 stepping 1, cmov, cx8, fxsr, mmx, sse, sse2, sse3, ssse3, sse4.1, sse4.2, popcnt, avx, aes, clmul, mmxext, 3dnowpref, lzcnt, sse4a, tsc, tscinvbit, tscinv, bmi1

Memory: 4k page, physical 7306268k(1383176k free), swap 29326364k(11392k free)

vm_info: Java HotSpot(TM) 64-Bit Server VM (25.301-b09) for windows-amd64 JRE (1.8.0_301-b09), built on Jun  9 2021 06:46:21 by "java_re" with MS VC++ 15.9 (VS2017)

time: Sun Sep 26 11:30:36 2021
timezone: Central America Standard Time
elapsed time: 0.366470 seconds (0d 0h 0m 0s)

